npm warn Unknown project config "minimum-release-age". This will stop working in the next major version of npm. See `npm help npmrc` for supported config options.

> Hide and Seek Map@0.1 dev
> astro dev

02:35:10 [types] Generated 1ms
02:35:10 [content] Syncing content
02:35:10 [content] Synced content
02:35:10 [vite] Re-optimizing dependencies because vite config has changed

 astro  v5.18.2 ready in 711 ms

┃ Local    http://localhost:4321/hideNseek
┃ Network  use --host to expose

02:35:10 watching for file changes...

 update  ▶ New version of Astro available: 7.0.6
  Run pnpm dlx @astrojs/upgrade to update

02:35:41 [200] / 594ms
02:35:42 [200] / 12ms
02:35:47 [vite] ✨ new dependencies optimized: @arcgis/core/core/units.js, @arcgis/core/unionTypes.js
02:35:47 [vite] ✨ optimized dependencies changed. reloading
02:35:47 [200] / 35ms
02:36:54 [200] / 39ms
02:36:55 [200] / 29ms
02:37:40 [200] / 25ms
02:37:40 [200] / 28ms
02:37:57 [200] / 26ms
02:37:57 [200] / 24ms
02:38:45 [200] / 27ms
02:38:46 [200] / 30ms
02:39:08 [200] / 27ms
02:39:09 [200] / 24ms
