
> Hide and Seek Map@0.0.1 dev /app
> astro dev

16:49:17 [types] Generated 1ms
16:49:17 [content] Syncing content
16:49:17 [content] Synced content

 astro  v5.7.13 ready in 719 ms

┃ Local    http://localhost:4321/HideAndSeek
┃ Network  use --host to expose

16:49:17 watching for file changes...
Browserslist: browsers data (caniuse-lite) is 10 months old. Please run:
  npx update-browserslist-db@latest
  Why you should do it regularly: https://github.com/browserslist/update-db#readme
16:50:44 [200] / 703ms
16:50:45 [200] / 12ms
16:51:26 [200] / 33ms
16:51:26 [200] / 33ms
16:51:49 [watch] src/pages/index.astro
16:51:49 [watch] src/pages/index.astro
16:52:17 [watch] /src/components/LeafletActionButtons.tsx, /src/styles/globals.css
16:52:17 [watch] src/components/LeafletActionButtons.tsx
16:52:40 [watch] /src/components/TimerDrawer.tsx, /src/styles/globals.css
16:52:40 [watch] src/components/TimerDrawer.tsx
16:52:55 [watch] /src/components/TimerDrawer.tsx, /src/styles/globals.css
16:52:55 [watch] src/components/TimerDrawer.tsx
16:52:55 [watch] /src/components/LeafletActionButtons.tsx, /src/styles/globals.css
16:52:55 [watch] src/components/LeafletActionButtons.tsx
16:52:57 [watch] /src/components/LeafletActionButtons.tsx, /src/styles/globals.css
16:52:57 [watch] src/components/LeafletActionButtons.tsx
16:52:57 [watch] /src/components/TimerDrawer.tsx, /src/styles/globals.css
16:52:57 [watch] src/components/TimerDrawer.tsx
16:54:14 [200] / 233ms
16:54:14 [200] / 23ms
16:57:52 [watch] /src/components/Map.tsx, /src/styles/globals.css
16:57:52 [watch] src/components/Map.tsx
16:58:14 [watch] /src/components/LeafletActionButtons.tsx, /src/styles/globals.css
16:58:14 [watch] src/components/LeafletActionButtons.tsx
16:58:39 [watch] /src/components/Map.tsx, /src/styles/globals.css
16:58:39 [watch] src/components/Map.tsx
16:59:04 [watch] /src/components/LeafletActionButtons.tsx, /src/styles/globals.css
16:59:04 [watch] src/components/LeafletActionButtons.tsx
16:59:10 [watch] /src/components/LeafletActionButtons.tsx, /src/styles/globals.css
16:59:10 [watch] src/components/LeafletActionButtons.tsx
17:00:19 [200] / 200ms
17:00:19 [200] / 19ms
17:02:33 [watch] /src/components/QuestionSidebar.tsx, /src/styles/globals.css
17:02:33 [watch] src/components/QuestionSidebar.tsx
17:04:00 [200] / 197ms
17:04:00 [200] / 26ms
 ELIFECYCLE  Command failed with exit code 143.
